  [1m[35m (0.1ms)[0m  [1m[34mSELECT sqlite_version(*)[0m
  [1m[35m (209.1ms)[0m  [1m[35mCREATE TABLE "schema_migrations" ("version" varchar NOT NULL PRIMARY KEY)[0m
  [1m[35m (120.6ms)[0m  [1m[35mCREATE TABLE "ar_internal_metadata" ("key" varchar NOT NULL PRIMARY KEY, "value" varchar, "created_at" datetime NOT NULL, "updated_at" datetime NOT NULL)[0m
  [1m[35m (0.2ms)[0m  [1m[34mSELECT "schema_migrations"."version" FROM "schema_migrations" ORDER BY "schema_migrations"."version" ASC[0m
Migrating to CreateRailwayStations (20170703210149)
  [1m[35m (0.1ms)[0m  [1m[36mbegin transaction[0m
  [1m[35m (0.3ms)[0m  [1m[35mCREATE TABLE "railway_stations" ("id" INTEGER PRIMARY KEY AUTOINCREMENT NOT NULL, "title" varchar, "created_at" datetime NOT NULL, "updated_at" datetime NOT NULL)[0m
  [1m[35mSQL (0.2ms)[0m  [1m[32mINSERT INTO "schema_migrations" ("version") VALUES (?)[0m  [["version", "20170703210149"]]
  [1m[35m (201.3ms)[0m  [1m[36mcommit transaction[0m
Migrating to CreateTrains (20170703210317)
  [1m[35m (0.1ms)[0m  [1m[36mbegin transaction[0m
  [1m[35m (0.3ms)[0m  [1m[35mCREATE TABLE "trains" ("id" INTEGER PRIMARY KEY AUTOINCREMENT NOT NULL, "number" integer, "created_at" datetime NOT NULL, "updated_at" datetime NOT NULL)[0m
  [1m[35mSQL (0.1ms)[0m  [1m[32mINSERT INTO "schema_migrations" ("version") VALUES (?)[0m  [["version", "20170703210317"]]
  [1m[35m (130.8ms)[0m  [1m[36mcommit transaction[0m
  [1m[36mActiveRecord::InternalMetadata Load (0.1ms)[0m  [1m[34mSELECT  "ar_internal_metadata".* FROM "ar_internal_metadata" WHERE "ar_internal_metadata"."key" = ? LIMIT ?[0m  [["key", "environment"], ["LIMIT", 1]]
  [1m[35m (0.1ms)[0m  [1m[36mbegin transaction[0m
  [1m[35mSQL (0.3ms)[0m  [1m[32mINSERT INTO "ar_internal_metadata" ("key", "value", "created_at", "updated_at") VALUES (?, ?, ?, ?)[0m  [["key", "environment"], ["value", "development"], ["created_at", "2017-07-03 21:05:10.379319"], ["updated_at", "2017-07-03 21:05:10.379319"]]
  [1m[35m (175.5ms)[0m  [1m[36mcommit transaction[0m
  [1m[35m (0.1ms)[0m  [1m[34mSELECT "schema_migrations"."version" FROM "schema_migrations" ORDER BY "schema_migrations"."version" ASC[0m
Started GET "/" for 127.0.0.1 at 2017-07-04 00:05:45 +0300
  [1m[35m (0.2ms)[0m  [1m[34mSELECT "schema_migrations"."version" FROM "schema_migrations" ORDER BY "schema_migrations"."version" ASC[0m
Processing by Rails::WelcomeController#index as HTML
  Rendering /home/victor/.rvm/gems/ruby-2.4.0/gems/railties-5.1.2/lib/rails/templates/rails/welcome/index.html.erb
  Rendered /home/victor/.rvm/gems/ruby-2.4.0/gems/railties-5.1.2/lib/rails/templates/rails/welcome/index.html.erb (2.1ms)
Completed 200 OK in 11ms (Views: 4.9ms | ActiveRecord: 0.0ms)


Started GET "/" for 127.0.0.1 at 2017-07-04 00:07:29 +0300
Processing by Rails::WelcomeController#index as HTML
  Rendering /home/victor/.rvm/gems/ruby-2.4.0/gems/railties-5.1.2/lib/rails/templates/rails/welcome/index.html.erb
  Rendered /home/victor/.rvm/gems/ruby-2.4.0/gems/railties-5.1.2/lib/rails/templates/rails/welcome/index.html.erb (2.7ms)
Completed 200 OK in 5ms (Views: 4.1ms | ActiveRecord: 0.0ms)


Started GET "/" for 127.0.0.1 at 2017-07-04 00:08:42 +0300
Processing by TrainsController#index as HTML
  Rendering trains/index.html.erb within layouts/application
  [1m[36mTrain Load (0.1ms)[0m  [1m[34mSELECT "trains".* FROM "trains"[0m
  Rendered trains/index.html.erb within layouts/application (3.6ms)
Completed 200 OK in 456ms (Views: 450.5ms | ActiveRecord: 0.9ms)


Started GET "/trains/new" for 127.0.0.1 at 2017-07-04 00:08:57 +0300
Processing by TrainsController#new as HTML
  Rendering trains/new.html.erb within layouts/application
  Rendered trains/_form.html.erb (14.3ms)
  Rendered trains/new.html.erb within layouts/application (16.0ms)
Completed 200 OK in 43ms (Views: 34.9ms | ActiveRecord: 0.7ms)


Started POST "/trains" for 127.0.0.1 at 2017-07-04 00:09:03 +0300
Processing by TrainsController#create as HTML
  Parameters: {"utf8"=>"✓", "authenticity_token"=>"NW44FbxBrygv+HKJNoEx7tq4itpiN/JVVKXyWHzE5O+qWsyBswjrhzfwBDVKftYyXcp05Fi5quaGVuNqPp9ZpA==", "train"=>{"number"=>"1"}, "commit"=>"Create Train"}
  [1m[35m (0.1ms)[0m  [1m[36mbegin transaction[0m
  [1m[35mSQL (1.0ms)[0m  [1m[32mINSERT INTO "trains" ("number", "created_at", "updated_at") VALUES (?, ?, ?)[0m  [["number", 1], ["created_at", "2017-07-03 21:09:03.621990"], ["updated_at", "2017-07-03 21:09:03.621990"]]
  [1m[35m (83.8ms)[0m  [1m[36mcommit transaction[0m
Redirected to http://localhost:3000/trains/1
Completed 302 Found in 91ms (ActiveRecord: 84.9ms)


Started GET "/trains/1" for 127.0.0.1 at 2017-07-04 00:09:03 +0300
Processing by TrainsController#show as HTML
  Parameters: {"id"=>"1"}
  [1m[36mTrain Load (0.2ms)[0m  [1m[34mSELECT  "trains".* FROM "trains" WHERE "trains"."id" = ? LIMIT ?[0m  [["id", 1], ["LIMIT", 1]]
  Rendering trains/show.html.erb within layouts/application
  Rendered trains/show.html.erb within layouts/application (0.8ms)
Completed 200 OK in 43ms (Views: 38.9ms | ActiveRecord: 0.2ms)


Started GET "/trains" for 127.0.0.1 at 2017-07-04 00:09:05 +0300
Processing by TrainsController#index as HTML
  Rendering trains/index.html.erb within layouts/application
  [1m[36mTrain Load (0.2ms)[0m  [1m[34mSELECT "trains".* FROM "trains"[0m
  Rendered trains/index.html.erb within layouts/application (2.2ms)
Completed 200 OK in 25ms (Views: 23.7ms | ActiveRecord: 0.2ms)


Started GET "/railway_stations" for 127.0.0.1 at 2017-07-04 00:09:18 +0300
Processing by RailwayStationsController#index as HTML
  Rendering railway_stations/index.html.erb within layouts/application
  [1m[36mRailwayStation Load (0.2ms)[0m  [1m[34mSELECT "railway_stations".* FROM "railway_stations"[0m
  Rendered railway_stations/index.html.erb within layouts/application (3.5ms)
Completed 200 OK in 31ms (Views: 22.9ms | ActiveRecord: 0.6ms)


Started GET "/" for 127.0.0.1 at 2017-07-04 00:09:28 +0300
Processing by TrainsController#index as HTML
  Rendering trains/index.html.erb within layouts/application
  [1m[36mTrain Load (0.2ms)[0m  [1m[34mSELECT "trains".* FROM "trains"[0m
  Rendered trains/index.html.erb within layouts/application (2.5ms)
Completed 200 OK in 26ms (Views: 24.2ms | ActiveRecord: 0.2ms)


Started GET "/trains/new" for 127.0.0.1 at 2017-07-04 00:09:30 +0300
Processing by TrainsController#new as HTML
  Rendering trains/new.html.erb within layouts/application
  Rendered trains/_form.html.erb (2.2ms)
  Rendered trains/new.html.erb within layouts/application (3.7ms)
Completed 200 OK in 29ms (Views: 27.9ms | ActiveRecord: 0.0ms)


Started GET "/trains" for 127.0.0.1 at 2017-07-04 00:09:34 +0300
Processing by TrainsController#index as HTML
  Rendering trains/index.html.erb within layouts/application
  [1m[36mTrain Load (0.2ms)[0m  [1m[34mSELECT "trains".* FROM "trains"[0m
  Rendered trains/index.html.erb within layouts/application (3.0ms)
Completed 200 OK in 37ms (Views: 35.2ms | ActiveRecord: 0.2ms)


